<?xml version="1.0" encoding="UTF-8"?>
<testng-results skipped="0" failed="0" ignored="0" total="2" passed="2">
  <reporter-output>
  </reporter-output>
  <suite name="Suite" duration-ms="49593" started-at="2021-05-04T11:01:33Z" finished-at="2021-05-04T11:02:23Z">
    <groups>
    </groups>
    <test name="Test" duration-ms="49593" started-at="2021-05-04T11:01:33Z" finished-at="2021-05-04T11:02:23Z">
      <class name="com.KickOff.TestCases.loginTest">
        <test-method status="PASS" signature="setUp()[pri:0, instance:com.KickOff.TestCases.loginTest@20ce78ec]" name="setUp" is-config="true" duration-ms="26978" started-at="2021-05-04T11:01:38Z" finished-at="2021-05-04T11:02:05Z">
          <reporter-output>
          </reporter-output>
        </test-method> <!-- setUp -->
        <test-method status="PASS" signature="LoginDetails()[pri:1, instance:com.KickOff.TestCases.loginTest@20ce78ec]" name="LoginDetails" duration-ms="11657" started-at="2021-05-04T11:02:05Z" finished-at="2021-05-04T11:02:17Z">
          <reporter-output>
          </reporter-output>
        </test-method> <!-- LoginDetails -->
        <test-method status="PASS" signature="getTitle()[pri:2, instance:com.KickOff.TestCases.loginTest@20ce78ec]" name="getTitle" duration-ms="127" started-at="2021-05-04T11:02:22Z" finished-at="2021-05-04T11:02:22Z">
          <reporter-output>
          </reporter-output>
        </test-method> <!-- getTitle -->
      </class> <!-- com.KickOff.TestCases.loginTest -->
    </test> <!-- Test -->
  </suite> <!-- Suite -->
</testng-results>
